# TUI Log - Message ID/Sequence and Insertion Order

## Example Log Snippet

```
[INFO] tui.sync: session sync completed for session_abc123
[INFO] tui.messages: Received message.updated event
[INFO] tui.messages:   message id: msg_user1, role: user, session: session_abc123
[INFO] tui.messages:   inserted at index: 0, array length: 1

[INFO] tui.messages: Received message.updated event  
[INFO] tui.messages:   message id: msg_asst1, role: assistant, session: session_abc123
[INFO] tui.messages:   inserted at index: 1, array length: 2
[INFO] tui.messages:   message order: [msg_user1, msg_asst1]

[INFO] tui.render: Rendering messages for session_abc123
[INFO] tui.render:   index 0: msg_user1 (user) - rendered at TOP
[INFO] tui.render:   index 1: msg_asst1 (assistant) - rendered at BOTTOM
```

## Key Points

1. **Monotonic IDs**: Messages use ascending identifiers (Identifier.ascending)
2. **Insertion Order**: User message inserted at index 0, assistant at index 1
3. **Final Array**: [user_msg, assistant_msg] - correct chronological order
4. **Rendering**: With stickyStart="top", user renders at top, assistant at bottom

## Technical Details

- Message IDs generated via `Identifier.ascending("message")`
- Binary search ensures correct insertion position
- Sorted by ID (which is monotonically increasing = chronological)
- Stable tie-breaker by insertion index when IDs are equal (not applicable here)
